Unity Editor version:    2020.3.17f1 (a4537701e4ab)
Branch:                  2020.3/staging
Build type:              Release
Batch mode:              YES
macOS version:           Version 10.15.7 (Build 19H1323)
Darwin version:          19.6.0
Architecture:            x86_64
Running under Rosetta:   NO
Available memory:        16384 MB
Using pre-set license
Pro License: NO

COMMAND LINE ARGUMENTS:
/Applications/Unity/Hub/Editor/2020.3.17f1/Unity.app/Contents/MacOS/Unity
-adb2
-batchMode
-noUpm
-name
AssetImportWorker0
-projectPath
/Users/gabe/Unity/Rocha Games/Hermit-Survival
-logFile
Logs/AssetImportWorker0.log
-srvPort
59269
Successfully changed project path to: /Users/gabe/Unity/Rocha Games/Hermit-Survival
/Users/gabe/Unity/Rocha Games/Hermit-Survival
Using Asset Import Pipeline V2.
Refreshing native plugins compatible for Editor in 112.92 ms, found 2 plugins.
Preloading 0 native plugins for Editor in 0.00 ms.
Initialize engine version: 2020.3.17f1 (a4537701e4ab)
[Subsystems] Discovering subsystems at path /Applications/Unity/Hub/Editor/2020.3.17f1/Unity.app/Contents/Resources/UnitySubsystems
[Subsystems] Discovering subsystems at path /Users/gabe/Unity/Rocha Games/Hermit-Survival/Assets
GfxDevice: creating device client; threaded=0
2021-09-29 23:26:58.613 Unity[13449:3677812] Color LCD preferred device: NVIDIA GeForce GT 650M (high power)
2021-09-29 23:26:58.613 Unity[13449:3677812] Metal devices available: 2
2021-09-29 23:26:58.613 Unity[13449:3677812] 0: NVIDIA GeForce GT 650M (high power)
2021-09-29 23:26:58.613 Unity[13449:3677812] 1: Intel HD Graphics 4000 (low power)
2021-09-29 23:26:58.614 Unity[13449:3677812] Using device NVIDIA GeForce GT 650M (high power)
Initializing Metal device caps: NVIDIA GeForce GT 650M
Initialize mono
Mono path[0] = '/Applications/Unity/Hub/Editor/2020.3.17f1/Unity.app/Contents/Managed'
Mono path[1] = '/Applications/Unity/Hub/Editor/2020.3.17f1/Unity.app/Contents/MonoBleedingEdge/lib/mono/unityjit'
Mono config path = '/Applications/Unity/Hub/Editor/2020.3.17f1/Unity.app/Contents/MonoBleedingEdge/etc'
Using monoOptions --debugger-agent=transport=dt_socket,embedding=1,server=y,suspend=n,address=127.0.0.1:56449
Begin MonoManager ReloadAssembly
Registering precompiled unity dll's ...
Register platform support module: /Applications/Unity/Hub/Editor/2020.3.17f1/PlaybackEngines/WebGLSupport/UnityEditor.WebGL.Extensions.dll
Register platform support module: /Applications/Unity/Hub/Editor/2020.3.17f1/Unity.app/Contents/PlaybackEngines/MacStandaloneSupport/UnityEditor.OSXStandalone.Extensions.dll
Register platform support module: /Applications/Unity/Hub/Editor/2020.3.17f1/PlaybackEngines/WindowsStandaloneSupport/UnityEditor.WindowsStandalone.Extensions.dll
Registered in 0.001180 seconds.
Native extension for WindowsStandalone target not found
Native extension for OSXStandalone target not found
Native extension for WebGL target not found
Refreshing native plugins compatible for Editor in 110.25 ms, found 2 plugins.
Preloading 0 native plugins for Editor in 0.00 ms.
Mono: successfully reloaded assembly
- Completed reload, in  2.345 seconds
Domain Reload Profiling:
	ReloadAssembly (2345ms)
		BeginReloadAssembly (57ms)
			ExecutionOrderSort (0ms)
			DisableScriptedObjects (0ms)
			BackupInstance (0ms)
			ReleaseScriptingObjects (0ms)
			CreateAndSetChildDomain (1ms)
		EndReloadAssembly (773ms)
			LoadAssemblies (55ms)
			RebuildTransferFunctionScriptingTraits (0ms)
			SetupTypeCache (268ms)
			ReleaseScriptCaches (0ms)
			RebuildScriptCaches (69ms)
			SetupLoadedEditorAssemblies (352ms)
				LogAssemblyErrors (0ms)
				InitializePlatformSupportModulesInManaged (8ms)
				SetLoadedEditorAssemblies (0ms)
				RefreshPlugins (110ms)
				BeforeProcessingInitializeOnLoad (15ms)
				ProcessInitializeOnLoadAttributes (171ms)
				ProcessInitializeOnLoadMethodAttributes (47ms)
				AfterProcessingInitializeOnLoad (0ms)
				EditorAssembliesLoaded (0ms)
			ExecutionOrderSort2 (0ms)
			AwakeInstancesAfterBackupRestoration (0ms)
Platform modules already initialized, skipping
Registering precompiled user dll's ...
Registered in 0.003243 seconds.
Begin MonoManager ReloadAssembly
Native extension for WindowsStandalone target not found
Native extension for OSXStandalone target not found
Native extension for WebGL target not found
Refreshing native plugins compatible for Editor in 133.74 ms, found 2 plugins.
Preloading 0 native plugins for Editor in 0.00 ms.
Mono: successfully reloaded assembly
- Completed reload, in  3.931 seconds
Domain Reload Profiling:
	ReloadAssembly (3932ms)
		BeginReloadAssembly (242ms)
			ExecutionOrderSort (0ms)
			DisableScriptedObjects (8ms)
			BackupInstance (0ms)
			ReleaseScriptingObjects (0ms)
			CreateAndSetChildDomain (50ms)
		EndReloadAssembly (3586ms)
			LoadAssemblies (121ms)
			RebuildTransferFunctionScriptingTraits (0ms)
			SetupTypeCache (707ms)
			ReleaseScriptCaches (1ms)
			RebuildScriptCaches (161ms)
			SetupLoadedEditorAssemblies (2320ms)
				LogAssemblyErrors (0ms)
				InitializePlatformSupportModulesInManaged (10ms)
				SetLoadedEditorAssemblies (0ms)
				RefreshPlugins (134ms)
				BeforeProcessingInitializeOnLoad (187ms)
				ProcessInitializeOnLoadAttributes (1973ms)
				ProcessInitializeOnLoadMethodAttributes (12ms)
				AfterProcessingInitializeOnLoad (3ms)
				EditorAssembliesLoaded (1ms)
			ExecutionOrderSort2 (0ms)
			AwakeInstancesAfterBackupRestoration (14ms)
Platform modules already initialized, skipping
Validating Project structure ... 0.035897 seconds.
Shader import version has changed; will reimport all shaders...
Upgrading shader files ...0.062254 seconds.
Application.AssetDatabase Initial Script Refresh Start
RefreshInfo: InitialScriptRefreshV2(NoUpdateAssetOptions) scanfilter:  ... 1 filters
RefreshProfiler: Total: 0.000ms
Application.AssetDatabase Initial Script Refresh End
Application.AssetDatabase.Refresh Start
Application.AssetDatabase.Refresh End
RefreshInfo: StopAssetImportingV2(ForceSynchronousImport) scanfilter: 
RefreshProfiler: Total: 0.000ms
Launching external process: /Applications/Unity/Hub/Editor/2020.3.17f1/Unity.app/Contents/Tools/UnityShaderCompiler
Launched and connected shader compiler UnityShaderCompiler after 0.02 seconds
Initializing Unity extensions:
========================================================================
Worker process is ready to serve import requests
Refreshing native plugins compatible for Editor in 1.23 ms, found 2 plugins.
Preloading 0 native plugins for Editor in 0.00 ms.
Unloading 3691 Unused Serialized files (Serialized files now loaded: 0)
System memory in use before: 323.1 MB.
System memory in use after: 321.6 MB.

Unloading 261 unused Assets to reduce memory usage. Loaded Objects now: 4166.
Total: 7.434467 ms (FindLiveObjects: 0.709386 ms CreateObjectMapping: 0.471473 ms MarkObjects: 5.457654 ms  DeleteObjects: 0.794268 ms)

AssetImportParameters requested are different than current active one (requested -> active):
  custom:video-decoder-ogg-theora: a1e56fd34408186e4bbccfd4996cb3dc -> 
  custom:container-muxer-webm: aa71ff27fc2769a1b78a27578f13a17b -> 
  custom:container-demuxer-webm: 4f35f7cbe854078d1ac9338744f61a02 -> 
  custom:container-demuxer-ogg: 62fdf1f143b41e24485cea50d1cbac27 -> 
  custom:video-encoder-webm-vp8: eb34c28f22e8b96e1ab97ce403110664 -> 
  custom:framework-osx-AVFoundation: b23960f63f64bdc6ff669e2cdcee2391 -> 
  custom:video-decoder-webm-vp8: 9c59270c3fd7afecdb556c50c9e8de78 -> 
  custom:audio-decoder-ogg-vorbis: bf7c407c2cedff20999df2af8eb42d56 -> 
  custom:audio-encoder-webm-vorbis: bf7c407c2cedff20999df2af8eb42d56 -> 
========================================================================
Received Import Request.
  path: Assets/_Hermit Survival/7165862.RAW
  artifactKey: Guid(485459fb08dba754fb0dd3d29db44809) Importer(815301076,1909f56bfc062723c751e8b465ee728b)
Start importing Assets/_Hermit Survival/7165862.RAW using Guid(485459fb08dba754fb0dd3d29db44809) Importer(815301076,1909f56bfc062723c751e8b465ee728b)  -> (artifact id: '0a44444ce7b04e9a94784a62f7271113') in 0.556228 seconds 
  Import took 0.565330 seconds .

========================================================================
Received Import Request.
  Time since last request: 0.004714 seconds.
  path: Assets/_Hermit Survival/Scenes/Main FPS.unity
  artifactKey: Guid(55e2149e48bde7e4786c5b14ee2e43e1) Importer(815301076,1909f56bfc062723c751e8b465ee728b)
Start importing Assets/_Hermit Survival/Scenes/Main FPS.unity using Guid(55e2149e48bde7e4786c5b14ee2e43e1) Importer(815301076,1909f56bfc062723c751e8b465ee728b)  -> (artifact id: '550c9f4cdb6a6ceffc8d874465d2b5de') in 0.001764 seconds 
  Import took 0.010567 seconds .

========================================================================
Received Import Request.
  Time since last request: 0.000373 seconds.
  path: Assets/_Hermit Survival/Scenes/Main FPS No Model.unity
  artifactKey: Guid(168409d631bff04468d9eff8e07a08bc) Importer(815301076,1909f56bfc062723c751e8b465ee728b)
Start importing Assets/_Hermit Survival/Scenes/Main FPS No Model.unity using Guid(168409d631bff04468d9eff8e07a08bc) Importer(815301076,1909f56bfc062723c751e8b465ee728b)  -> (artifact id: '464ef800b39269f37fa4d6c61e8d9061') in 0.001919 seconds 
  Import took 0.009987 seconds .

========================================================================
Received Import Request.
  Time since last request: 0.000318 seconds.
  path: Assets/_Hermit Survival/7165862.data
  artifactKey: Guid(5fa9d1b4059f9ce4d98b6c9761b81f01) Importer(815301076,1909f56bfc062723c751e8b465ee728b)
Start importing Assets/_Hermit Survival/7165862.data using Guid(5fa9d1b4059f9ce4d98b6c9761b81f01) Importer(815301076,1909f56bfc062723c751e8b465ee728b)  -> (artifact id: '492348015745374b01545076b223c790') in 0.609198 seconds 
  Import took 0.616458 seconds .

========================================================================
Received Import Request.
  Time since last request: 0.003406 seconds.
  path: Assets/_Hermit Survival/Big Lake.RAW
  artifactKey: Guid(e09c6625e33a98740943ab23b61d20c6) Importer(815301076,1909f56bfc062723c751e8b465ee728b)
Start importing Assets/_Hermit Survival/Big Lake.RAW using Guid(e09c6625e33a98740943ab23b61d20c6) Importer(815301076,1909f56bfc062723c751e8b465ee728b)  -> (artifact id: '136e727ce745a46e6292d99ea75268b8') in 0.002705 seconds 
  Import took 0.010280 seconds .

========================================================================
Received Import Request.
  Time since last request: 0.000350 seconds.
  path: Assets/_Hermit Survival/Scenes/Main.unity
  artifactKey: Guid(6e7184f8ff15b3a4fb2b5ecc02d24795) Importer(815301076,1909f56bfc062723c751e8b465ee728b)
Start importing Assets/_Hermit Survival/Scenes/Main.unity using Guid(6e7184f8ff15b3a4fb2b5ecc02d24795) Importer(815301076,1909f56bfc062723c751e8b465ee728b)  -> (artifact id: 'c53b6126c9c8d9b7c061a70195cd5b96') in 0.001509 seconds 
  Import took 0.008529 seconds .

========================================================================
Received Import Request.
  Time since last request: 0.000307 seconds.
  path: Assets/_Hermit Survival/Mt Ruapehu and Mt Ngauruhoe Heightmap - 1024px.raw
  artifactKey: Guid(7aaef135d1e5da147a1f00d07dd91627) Importer(815301076,1909f56bfc062723c751e8b465ee728b)
Start importing Assets/_Hermit Survival/Mt Ruapehu and Mt Ngauruhoe Heightmap - 1024px.raw using Guid(7aaef135d1e5da147a1f00d07dd91627) Importer(815301076,1909f56bfc062723c751e8b465ee728b)  -> (artifact id: '427c7fbca8220a83af1e64a32de40e0c') in 0.325604 seconds 
  Import took 0.332827 seconds .

========================================================================
Received Import Request.
  Time since last request: 0.004286 seconds.
  path: Assets/_Hermit Survival/AnyConv.com__Mt Ruapehu and Mt Ngauruhoe Heightmap - 1024px.raw
  artifactKey: Guid(001547a757083d5419c1a5692cc8905b) Importer(815301076,1909f56bfc062723c751e8b465ee728b)
Start importing Assets/_Hermit Survival/AnyConv.com__Mt Ruapehu and Mt Ngauruhoe Heightmap - 1024px.raw using Guid(001547a757083d5419c1a5692cc8905b) Importer(815301076,1909f56bfc062723c751e8b465ee728b)  -> (artifact id: 'a6bff4c6e8aa26e35ac53b9893ce9c58') in 0.002531 seconds 
  Import took 0.010664 seconds .

========================================================================
Received Import Request.
  Time since last request: 105.039057 seconds.
  path: Assets/Medieval_Environment/Readmeqsdf.txt
  artifactKey: Guid(71d3c7590ac62584a97b4d09bfd3f245) Importer(815301076,1909f56bfc062723c751e8b465ee728b)
Start importing Assets/Medieval_Environment/Readmeqsdf.txt using Guid(71d3c7590ac62584a97b4d09bfd3f245) Importer(815301076,1909f56bfc062723c751e8b465ee728b)  -> (artifact id: '4a9f9b1eceaea2c66105565a755b7f19') in 0.287717 seconds 
  Import took 0.295670 seconds .

========================================================================
Received Import Request.
  Time since last request: 426.358146 seconds.
  path: Assets/Medieval_Environment/Core/Models
  artifactKey: Guid(d24de009a57b3c04ca26dcfdec9b9b8f) Importer(815301076,1909f56bfc062723c751e8b465ee728b)
Start importing Assets/Medieval_Environment/Core/Models using Guid(d24de009a57b3c04ca26dcfdec9b9b8f) Importer(815301076,1909f56bfc062723c751e8b465ee728b)  -> (artifact id: 'bad0645a0dbad3a65859d89edf27bcd4') in 0.001181 seconds 
  Import took 0.009506 seconds .

========================================================================
Received Import Request.
  Time since last request: 0.001553 seconds.
  path: Assets/Medieval_Environment/Core/Models
  artifactKey: Guid(d24de009a57b3c04ca26dcfdec9b9b8f) Importer(815301076,1909f56bfc062723c751e8b465ee728b)
Start importing Assets/Medieval_Environment/Core/Models using Guid(d24de009a57b3c04ca26dcfdec9b9b8f) Importer(815301076,1909f56bfc062723c751e8b465ee728b)  -> (artifact id: 'bad0645a0dbad3a65859d89edf27bcd4') in 0.001151 seconds 
  Import took 0.008986 seconds .

========================================================================
Received Import Request.
  Time since last request: 0.199556 seconds.
  path: Assets/Medieval_Environment/Core/Prefabs
  artifactKey: Guid(47221f8b8e96ae440bb630b31eec01bf) Importer(815301076,1909f56bfc062723c751e8b465ee728b)
Start importing Assets/Medieval_Environment/Core/Prefabs using Guid(47221f8b8e96ae440bb630b31eec01bf) Importer(815301076,1909f56bfc062723c751e8b465ee728b)  -> (artifact id: '56dbcca08e760a6f17a564213c3820eb') in 0.001135 seconds 
  Import took 0.008714 seconds .

========================================================================
Received Import Request.
  Time since last request: 0.102140 seconds.
  path: Assets/Medieval_Environment/Core/Scenes
  artifactKey: Guid(3c57bddb89525aa4db1bd03b9d64fd55) Importer(815301076,1909f56bfc062723c751e8b465ee728b)
Start importing Assets/Medieval_Environment/Core/Scenes using Guid(3c57bddb89525aa4db1bd03b9d64fd55) Importer(815301076,1909f56bfc062723c751e8b465ee728b)  -> (artifact id: '41de39bd90b063b35eefc5ccc8cd1322') in 0.001081 seconds 
  Import took 0.008673 seconds .

========================================================================
Received Import Request.
  Time since last request: 0.357381 seconds.
  path: Assets/Medieval_Environment/Core/Scenes/Demo_Scene_Medieval_Mountain_01
  artifactKey: Guid(8bf0cebf6e7bfaa4d8b1a65fa961ba8c) Importer(815301076,1909f56bfc062723c751e8b465ee728b)
Start importing Assets/Medieval_Environment/Core/Scenes/Demo_Scene_Medieval_Mountain_01 using Guid(8bf0cebf6e7bfaa4d8b1a65fa961ba8c) Importer(815301076,1909f56bfc062723c751e8b465ee728b)  -> (artifact id: '7bbc6305871c6fc6023820c510bac92d') in 0.005177 seconds 
  Import took 0.013432 seconds .

========================================================================
Received Import Request.
  Time since last request: 0.492236 seconds.
  path: Assets/Medieval_Environment/Core/Scenes/Demo_Scene_Medieval_Mountain_01.unity
  artifactKey: Guid(b7ee4b938d8c9be4f8eea199f03c216c) Importer(815301076,1909f56bfc062723c751e8b465ee728b)
Start importing Assets/Medieval_Environment/Core/Scenes/Demo_Scene_Medieval_Mountain_01.unity using Guid(b7ee4b938d8c9be4f8eea199f03c216c) Importer(815301076,1909f56bfc062723c751e8b465ee728b)  -> (artifact id: '3e847f2cb9eb89bdbb2e83e2d7f5fc10') in 0.005631 seconds 
  Import took 0.013825 seconds .

========================================================================
Received Import Request.
  Time since last request: 0.001236 seconds.
  path: Assets/Medieval_Environment/Core/Scenes/Demo_Scene_Medieval_Mountain_01.unity
  artifactKey: Guid(b7ee4b938d8c9be4f8eea199f03c216c) Importer(815301076,1909f56bfc062723c751e8b465ee728b)
Start importing Assets/Medieval_Environment/Core/Scenes/Demo_Scene_Medieval_Mountain_01.unity using Guid(b7ee4b938d8c9be4f8eea199f03c216c) Importer(815301076,1909f56bfc062723c751e8b465ee728b)  -> (artifact id: '3e847f2cb9eb89bdbb2e83e2d7f5fc10') in 0.001746 seconds 
  Import took 0.008738 seconds .

========================================================================
Received Import Request.
  Time since last request: 0.755119 seconds.
  path: Assets/Medieval_Environment/Core/Scenes/Demo_Scene_Medieval_Mountain_01_Terrain_Data.asset
  artifactKey: Guid(4731d4373dc379f49b483c839a9ea38b) Importer(815301076,1909f56bfc062723c751e8b465ee728b)
Start importing Assets/Medieval_Environment/Core/Scenes/Demo_Scene_Medieval_Mountain_01_Terrain_Data.asset using Guid(4731d4373dc379f49b483c839a9ea38b) Importer(815301076,1909f56bfc062723c751e8b465ee728b)  -> (artifact id: '76028a9941941503078669528ab5c79f') in 1.344963 seconds 
  Import took 1.393530 seconds .

